<?xml version="1.0" encoding="UTF-8"?>
<testng-results ignored="0" total="1" passed="1" failed="0" skipped="0">
  <reporter-output>
  </reporter-output>
  <suite started-at="2024-08-14T12:21:59 IST" name="Suite" finished-at="2024-08-14T12:22:03 IST" duration-ms="3587">
    <groups>
    </groups>
    <test started-at="2024-08-14T12:21:59 IST" name="Test" finished-at="2024-08-14T12:22:03 IST" duration-ms="3587">
      <class name="testCases.TC001_AccountRegisterationTest">
        <test-method is-config="true" signature="setup(java.lang.String,java.lang.String)[pri:0, instance:testCases.TC001_AccountRegisterationTest@15de0b3c]" started-at="2024-08-14T12:21:59 IST" name="setup" finished-at="2024-08-14T12:22:01 IST" duration-ms="2232" status="PASS">
          <params>
            <param index="0">
              <value>
                <![CDATA[Windows]]>
              </value>
            </param>
            <param index="1">
              <value>
                <![CDATA[chrome]]>
              </value>
            </param>
          </params>
          <reporter-output>
          </reporter-output>
        </test-method> <!-- setup -->
        <test-method signature="verify_account_registration()[pri:0, instance:testCases.TC001_AccountRegisterationTest@15de0b3c]" started-at="2024-08-14T12:22:01 IST" name="verify_account_registration" finished-at="2024-08-14T12:22:02 IST" duration-ms="1199" status="PASS">
          <reporter-output>
          </reporter-output>
        </test-method> <!-- verify_account_registration -->
        <test-method is-config="true" signature="tearDown()[pri:0, instance:testCases.TC001_AccountRegisterationTest@15de0b3c]" started-at="2024-08-14T12:22:02 IST" name="tearDown" finished-at="2024-08-14T12:22:03 IST" duration-ms="123" status="PASS">
          <reporter-output>
          </reporter-output>
        </test-method> <!-- tearDown -->
      </class> <!-- testCases.TC001_AccountRegisterationTest -->
    </test> <!-- Test -->
  </suite> <!-- Suite -->
</testng-results>
